<?xml version="1.0" encoding="UTF-8"?>
<!-- Generated by org.testng.reporters.JUnitXMLReporter -->
<testsuite ignored="0" hostname="DESKTOP-HP840" failures="0" tests="6" name="Default test" time="79.929" errors="0" timestamp="2022-06-24T10:15:52 IST">
  <testcase classname="com.qa.testLayer.HomePageTest" name="verifyBuyAppleMonitor24" time="7.75"/>
  <testcase classname="com.qa.testLayer.HomePageTest" name="verifyBuyAsusFullHd" time="4.76"/>
  <testcase classname="com.qa.testLayer.HomePageTest" name="verifyBuyNokiaLumia1520" time="3.857"/>
  <testcase classname="com.qa.testLayer.HomePageTest" name="verifyBuySamsungGalaxy6" time="3.908"/>
  <testcase classname="com.qa.testLayer.HomePageTest" name="verifyBuySonyVaioI5" time="2.1"/>
  <testcase classname="com.qa.testLayer.HomePageTest" name="verifyBuySonyVaioI7" time="2.583"/>
</testsuite> <!-- Default test -->
