<?xml version="1.0" encoding="UTF-8"?>
<!-- Generated by org.testng.reporters.JUnitXMLReporter -->
<testsuite ignored="0" hostname="Hanmant" failures="0" tests="6" name="Test" time="86.988" errors="0" timestamp="2022-08-18T12:48:22 IST">
  <testcase classname="com.qa.testLayer.HomePageTest" name="verifyBuyAppleMonitor24" time="2.027"/>
  <testcase classname="com.qa.testLayer.HomePageTest" name="verifyBuyAsusFullHd" time="2.863"/>
  <testcase classname="com.qa.testLayer.HomePageTest" name="verifyBuyNokiaLumia1520" time="2.802"/>
  <testcase classname="com.qa.testLayer.HomePageTest" name="verifyBuySamsungGalaxy6" time="2.437"/>
  <testcase classname="com.qa.testLayer.HomePageTest" name="verifyBuySonyVaioI5" time="2.052"/>
  <testcase classname="com.qa.testLayer.HomePageTest" name="verifyBuySonyVaioI7" time="2.575"/>
</testsuite> <!-- Test -->
