<?xml version="1.0" encoding="UTF-8"?>
<testng-results ignored="0" total="6" passed="6" failed="0" skipped="0">
  <reporter-output>
  </reporter-output>
  <suite started-at="2022-08-18T12:46:55 IST" name="Suite" finished-at="2022-08-18T12:48:22 IST" duration-ms="86988">
    <groups>
    </groups>
    <test started-at="2022-08-18T12:46:55 IST" name="Test" finished-at="2022-08-18T12:48:22 IST" duration-ms="86988">
      <class name="com.qa.testLayer.HomePageTest">
        <test-method is-config="true" signature="launchDriver()[pri:0, instance:com.qa.testLayer.HomePageTest@74e52303]" started-at="2022-08-18T12:46:55 IST" name="launchDriver" finished-at="2022-08-18T12:47:26 IST" duration-ms="30947" status="PASS">
          <reporter-output>
          </reporter-output>
        </test-method> <!-- launchDriver -->
        <test-method signature="verifyBuyAppleMonitor24()[pri:0, instance:com.qa.testLayer.HomePageTest@74e52303]" started-at="2022-08-18T12:47:26 IST" name="verifyBuyAppleMonitor24" finished-at="2022-08-18T12:47:28 IST" duration-ms="2027" status="PASS">
          <reporter-output>
          </reporter-output>
        </test-method> <!-- verifyBuyAppleMonitor24 -->
        <test-method is-config="true" signature="closeDriver()[pri:0, instance:com.qa.testLayer.HomePageTest@74e52303]" started-at="2022-08-18T12:47:28 IST" name="closeDriver" finished-at="2022-08-18T12:47:29 IST" duration-ms="1252" status="PASS">
          <reporter-output>
          </reporter-output>
        </test-method> <!-- closeDriver -->
        <test-method is-config="true" signature="launchDriver()[pri:0, instance:com.qa.testLayer.HomePageTest@74e52303]" started-at="2022-08-18T12:47:29 IST" name="launchDriver" finished-at="2022-08-18T12:47:36 IST" duration-ms="7059" status="PASS">
          <reporter-output>
          </reporter-output>
        </test-method> <!-- launchDriver -->
        <test-method signature="verifyBuyAsusFullHd()[pri:0, instance:com.qa.testLayer.HomePageTest@74e52303]" started-at="2022-08-18T12:47:36 IST" name="verifyBuyAsusFullHd" finished-at="2022-08-18T12:47:39 IST" duration-ms="2863" status="PASS">
          <reporter-output>
          </reporter-output>
        </test-method> <!-- verifyBuyAsusFullHd -->
        <test-method is-config="true" signature="closeDriver()[pri:0, instance:com.qa.testLayer.HomePageTest@74e52303]" started-at="2022-08-18T12:47:39 IST" name="closeDriver" finished-at="2022-08-18T12:47:39 IST" duration-ms="335" status="PASS">
          <reporter-output>
          </reporter-output>
        </test-method> <!-- closeDriver -->
        <test-method is-config="true" signature="launchDriver()[pri:0, instance:com.qa.testLayer.HomePageTest@74e52303]" started-at="2022-08-18T12:47:39 IST" name="launchDriver" finished-at="2022-08-18T12:47:47 IST" duration-ms="7465" status="PASS">
          <reporter-output>
          </reporter-output>
        </test-method> <!-- launchDriver -->
        <test-method signature="verifyBuyNokiaLumia1520()[pri:0, instance:com.qa.testLayer.HomePageTest@74e52303]" started-at="2022-08-18T12:47:47 IST" name="verifyBuyNokiaLumia1520" finished-at="2022-08-18T12:47:49 IST" duration-ms="2802" status="PASS">
          <reporter-output>
          </reporter-output>
        </test-method> <!-- verifyBuyNokiaLumia1520 -->
        <test-method is-config="true" signature="closeDriver()[pri:0, instance:com.qa.testLayer.HomePageTest@74e52303]" started-at="2022-08-18T12:47:49 IST" name="closeDriver" finished-at="2022-08-18T12:47:50 IST" duration-ms="575" status="PASS">
          <reporter-output>
          </reporter-output>
        </test-method> <!-- closeDriver -->
        <test-method is-config="true" signature="launchDriver()[pri:0, instance:com.qa.testLayer.HomePageTest@74e52303]" started-at="2022-08-18T12:47:50 IST" name="launchDriver" finished-at="2022-08-18T12:47:57 IST" duration-ms="7129" status="PASS">
          <reporter-output>
          </reporter-output>
        </test-method> <!-- launchDriver -->
        <test-method signature="verifyBuySamsungGalaxy6()[pri:0, instance:com.qa.testLayer.HomePageTest@74e52303]" started-at="2022-08-18T12:47:57 IST" name="verifyBuySamsungGalaxy6" finished-at="2022-08-18T12:48:00 IST" duration-ms="2437" status="PASS">
          <reporter-output>
          </reporter-output>
        </test-method> <!-- verifyBuySamsungGalaxy6 -->
        <test-method is-config="true" signature="closeDriver()[pri:0, instance:com.qa.testLayer.HomePageTest@74e52303]" started-at="2022-08-18T12:48:00 IST" name="closeDriver" finished-at="2022-08-18T12:48:00 IST" duration-ms="334" status="PASS">
          <reporter-output>
          </reporter-output>
        </test-method> <!-- closeDriver -->
        <test-method is-config="true" signature="launchDriver()[pri:0, instance:com.qa.testLayer.HomePageTest@74e52303]" started-at="2022-08-18T12:48:00 IST" name="launchDriver" finished-at="2022-08-18T12:48:09 IST" duration-ms="8878" status="PASS">
          <reporter-output>
          </reporter-output>
        </test-method> <!-- launchDriver -->
        <test-method signature="verifyBuySonyVaioI5()[pri:0, instance:com.qa.testLayer.HomePageTest@74e52303]" started-at="2022-08-18T12:48:09 IST" name="verifyBuySonyVaioI5" finished-at="2022-08-18T12:48:11 IST" duration-ms="2052" status="PASS">
          <reporter-output>
          </reporter-output>
        </test-method> <!-- verifyBuySonyVaioI5 -->
        <test-method is-config="true" signature="closeDriver()[pri:0, instance:com.qa.testLayer.HomePageTest@74e52303]" started-at="2022-08-18T12:48:11 IST" name="closeDriver" finished-at="2022-08-18T12:48:12 IST" duration-ms="704" status="PASS">
          <reporter-output>
          </reporter-output>
        </test-method> <!-- closeDriver -->
        <test-method is-config="true" signature="launchDriver()[pri:0, instance:com.qa.testLayer.HomePageTest@74e52303]" started-at="2022-08-18T12:48:12 IST" name="launchDriver" finished-at="2022-08-18T12:48:19 IST" duration-ms="6953" status="PASS">
          <reporter-output>
          </reporter-output>
        </test-method> <!-- launchDriver -->
        <test-method signature="verifyBuySonyVaioI7()[pri:0, instance:com.qa.testLayer.HomePageTest@74e52303]" started-at="2022-08-18T12:48:19 IST" name="verifyBuySonyVaioI7" finished-at="2022-08-18T12:48:21 IST" duration-ms="2575" status="PASS">
          <reporter-output>
          </reporter-output>
        </test-method> <!-- verifyBuySonyVaioI7 -->
        <test-method is-config="true" signature="closeDriver()[pri:0, instance:com.qa.testLayer.HomePageTest@74e52303]" started-at="2022-08-18T12:48:21 IST" name="closeDriver" finished-at="2022-08-18T12:48:22 IST" duration-ms="483" status="PASS">
          <reporter-output>
          </reporter-output>
        </test-method> <!-- closeDriver -->
      </class> <!-- com.qa.testLayer.HomePageTest -->
    </test> <!-- Test -->
  </suite> <!-- Suite -->
</testng-results>
